<?xml version="1.0" encoding="UTF-8"?>
<!-- Generated by org.testng.reporters.JUnitXMLReporter -->
<testsuite hostname="DESKTOP-DCOTBCV" name="DevelopmentMgmt" tests="9" failures="0" timestamp="8 Jul 2021 08:14:56 GMT" time="0.015" errors="0">
  <testcase name="@BeforeClass start" time="0.0" classname="com.test.TestCase.DevelopmentMgmt.TC_Investors">
    <failure type="java.lang.NoClassDefFoundError" message="org/openqa/selenium/WebDriver">
      <![CDATA[java.lang.NoClassDefFoundError: org/openqa/selenium/WebDriver
	at com.test.TestCase.LoginLogout.BaseTestCase.init(BaseTestCase.java:14)
	at com.test.TestCase.DevelopmentMgmt.TC_Investors.start(TC_Investors.java:19)
Caused by: java.lang.ClassNotFoundException: org.openqa.selenium.WebDriver
	at java.net.URLClassLoader.findClass(Unknown Source)
	at java.lang.ClassLoader.loadClass(Unknown Source)
	at sun.misc.Launcher$AppClassLoader.loadClass(Unknown Source)
	at java.lang.ClassLoader.loadClass(Unknown Source)
	... 26 more
... Removed 24 stack frames]]>
    </failure>
  </testcase> <!-- @BeforeClass start -->
  <testcase name="@AfterClass end" time="0.0" classname="com.test.TestCase.DevelopmentMgmt.TC_Investors">
    <skipped/>
  </testcase> <!-- @AfterClass end -->
  <testcase name="@BeforeClass start" time="0.0" classname="com.test.TestCase.DevelopmentMgmt.TC_Property">
    <failure type="java.lang.NoClassDefFoundError" message="org/openqa/selenium/WebDriver">
      <![CDATA[java.lang.NoClassDefFoundError: org/openqa/selenium/WebDriver
	at com.test.TestCase.LoginLogout.BaseTestCase.init(BaseTestCase.java:14)
	at com.test.TestCase.DevelopmentMgmt.TC_Property.start(TC_Property.java:19)
Caused by: java.lang.ClassNotFoundException: org.openqa.selenium.WebDriver
	at java.net.URLClassLoader.findClass(Unknown Source)
	at java.lang.ClassLoader.loadClass(Unknown Source)
	at sun.misc.Launcher$AppClassLoader.loadClass(Unknown Source)
	at java.lang.ClassLoader.loadClass(Unknown Source)
	... 26 more
... Removed 24 stack frames]]>
    </failure>
  </testcase> <!-- @BeforeClass start -->
  <testcase name="@AfterClass end" time="0.0" classname="com.test.TestCase.DevelopmentMgmt.TC_Property">
    <skipped/>
  </testcase> <!-- @AfterClass end -->
  <testcase name="@BeforeClass start" time="0.0" classname="com.test.TestCase.DevelopmentMgmt.TC_Visit">
    <failure type="java.lang.NoClassDefFoundError" message="org/openqa/selenium/WebDriver">
      <![CDATA[java.lang.NoClassDefFoundError: org/openqa/selenium/WebDriver
	at com.test.TestCase.LoginLogout.BaseTestCase.init(BaseTestCase.java:14)
	at com.test.TestCase.DevelopmentMgmt.TC_Visit.start(TC_Visit.java:19)
Caused by: java.lang.ClassNotFoundException: org.openqa.selenium.WebDriver
	at java.net.URLClassLoader.findClass(Unknown Source)
	at java.lang.ClassLoader.loadClass(Unknown Source)
	at sun.misc.Launcher$AppClassLoader.loadClass(Unknown Source)
	at java.lang.ClassLoader.loadClass(Unknown Source)
	... 26 more
... Removed 24 stack frames]]>
    </failure>
  </testcase> <!-- @BeforeClass start -->
  <testcase name="@AfterClass end" time="0.0" classname="com.test.TestCase.DevelopmentMgmt.TC_Visit">
    <skipped/>
  </testcase> <!-- @AfterClass end -->
  <testcase name="@BeforeClass start" time="0.0" classname="com.test.TestCase.DevelopmentMgmt.TC_Contract">
    <failure type="java.lang.NoClassDefFoundError" message="org/openqa/selenium/WebDriver">
      <![CDATA[java.lang.NoClassDefFoundError: org/openqa/selenium/WebDriver
	at com.test.TestCase.LoginLogout.BaseTestCase.init(BaseTestCase.java:14)
	at com.test.TestCase.DevelopmentMgmt.TC_Contract.start(TC_Contract.java:19)
Caused by: java.lang.ClassNotFoundException: org.openqa.selenium.WebDriver
	at java.net.URLClassLoader.findClass(Unknown Source)
	at java.lang.ClassLoader.loadClass(Unknown Source)
	at sun.misc.Launcher$AppClassLoader.loadClass(Unknown Source)
	at java.lang.ClassLoader.loadClass(Unknown Source)
	... 26 more
... Removed 24 stack frames]]>
    </failure>
  </testcase> <!-- @BeforeClass start -->
  <testcase name="@AfterClass end" time="0.0" classname="com.test.TestCase.DevelopmentMgmt.TC_Contract">
    <skipped/>
  </testcase> <!-- @AfterClass end -->
  <testcase name="@BeforeClass start" time="0.0" classname="com.test.TestCase.DevelopmentMgmt.TC_Receipts">
    <failure type="java.lang.NoClassDefFoundError" message="org/openqa/selenium/WebDriver">
      <![CDATA[java.lang.NoClassDefFoundError: org/openqa/selenium/WebDriver
	at com.test.TestCase.LoginLogout.BaseTestCase.init(BaseTestCase.java:14)
	at com.test.TestCase.DevelopmentMgmt.TC_Receipts.start(TC_Receipts.java:19)
Caused by: java.lang.ClassNotFoundException: org.openqa.selenium.WebDriver
	at java.net.URLClassLoader.findClass(Unknown Source)
	at java.lang.ClassLoader.loadClass(Unknown Source)
	at sun.misc.Launcher$AppClassLoader.loadClass(Unknown Source)
	at java.lang.ClassLoader.loadClass(Unknown Source)
	... 26 more
... Removed 24 stack frames]]>
    </failure>
  </testcase> <!-- @BeforeClass start -->
  <testcase name="@AfterClass end" time="0.0" classname="com.test.TestCase.DevelopmentMgmt.TC_Receipts">
    <skipped/>
  </testcase> <!-- @AfterClass end -->
  <testcase name="@BeforeClass start" time="0.0" classname="com.test.TestCase.DevelopmentMgmt.TC_License">
    <failure type="java.lang.NoClassDefFoundError" message="org/openqa/selenium/WebDriver">
      <![CDATA[java.lang.NoClassDefFoundError: org/openqa/selenium/WebDriver
	at com.test.TestCase.LoginLogout.BaseTestCase.init(BaseTestCase.java:14)
	at com.test.TestCase.DevelopmentMgmt.TC_License.start(TC_License.java:19)
Caused by: java.lang.ClassNotFoundException: org.openqa.selenium.WebDriver
	at java.net.URLClassLoader.findClass(Unknown Source)
	at java.lang.ClassLoader.loadClass(Unknown Source)
	at sun.misc.Launcher$AppClassLoader.loadClass(Unknown Source)
	at java.lang.ClassLoader.loadClass(Unknown Source)
	... 26 more
... Removed 24 stack frames]]>
    </failure>
  </testcase> <!-- @BeforeClass start -->
  <testcase name="@AfterClass end" time="0.0" classname="com.test.TestCase.DevelopmentMgmt.TC_License">
    <skipped/>
  </testcase> <!-- @AfterClass end -->
  <testcase name="@BeforeClass start" time="0.0" classname="com.test.TestCase.DevelopmentMgmt.TC_ProjectSummary">
    <failure type="java.lang.NoClassDefFoundError" message="org/openqa/selenium/WebDriver">
      <![CDATA[java.lang.NoClassDefFoundError: org/openqa/selenium/WebDriver
	at com.test.TestCase.LoginLogout.BaseTestCase.init(BaseTestCase.java:14)
	at com.test.TestCase.DevelopmentMgmt.TC_ProjectSummary.start(TC_ProjectSummary.java:19)
Caused by: java.lang.ClassNotFoundException: org.openqa.selenium.WebDriver
	at java.net.URLClassLoader.findClass(Unknown Source)
	at java.lang.ClassLoader.loadClass(Unknown Source)
	at sun.misc.Launcher$AppClassLoader.loadClass(Unknown Source)
	at java.lang.ClassLoader.loadClass(Unknown Source)
	... 26 more
... Removed 24 stack frames]]>
    </failure>
  </testcase> <!-- @BeforeClass start -->
  <testcase name="@AfterClass end" time="0.0" classname="com.test.TestCase.DevelopmentMgmt.TC_ProjectSummary">
    <skipped/>
  </testcase> <!-- @AfterClass end -->
  <testcase name="@BeforeClass start" time="0.0" classname="com.test.TestCase.DevelopmentMgmt.TC_Receivables">
    <failure type="java.lang.NoClassDefFoundError" message="org/openqa/selenium/WebDriver">
      <![CDATA[java.lang.NoClassDefFoundError: org/openqa/selenium/WebDriver
	at com.test.TestCase.LoginLogout.BaseTestCase.init(BaseTestCase.java:14)
	at com.test.TestCase.DevelopmentMgmt.TC_Receivables.start(TC_Receivables.java:19)
Caused by: java.lang.ClassNotFoundException: org.openqa.selenium.WebDriver
	at java.net.URLClassLoader.findClass(Unknown Source)
	at java.lang.ClassLoader.loadClass(Unknown Source)
	at sun.misc.Launcher$AppClassLoader.loadClass(Unknown Source)
	at java.lang.ClassLoader.loadClass(Unknown Source)
	... 26 more
... Removed 24 stack frames]]>
    </failure>
  </testcase> <!-- @BeforeClass start -->
  <testcase name="@AfterClass end" time="0.0" classname="com.test.TestCase.DevelopmentMgmt.TC_Receivables">
    <skipped/>
  </testcase> <!-- @AfterClass end -->
  <testcase name="@BeforeClass start" time="0.0" classname="com.test.TestCase.DevelopmentMgmt.TC_WorkReport">
    <failure type="java.lang.NoClassDefFoundError" message="org/openqa/selenium/WebDriver">
      <![CDATA[java.lang.NoClassDefFoundError: org/openqa/selenium/WebDriver
	at com.test.TestCase.LoginLogout.BaseTestCase.init(BaseTestCase.java:14)
	at com.test.TestCase.DevelopmentMgmt.TC_WorkReport.start(TC_WorkReport.java:19)
Caused by: java.lang.ClassNotFoundException: org.openqa.selenium.WebDriver
	at java.net.URLClassLoader.findClass(Unknown Source)
	at java.lang.ClassLoader.loadClass(Unknown Source)
	at sun.misc.Launcher$AppClassLoader.loadClass(Unknown Source)
	at java.lang.ClassLoader.loadClass(Unknown Source)
	... 26 more
... Removed 24 stack frames]]>
    </failure>
  </testcase> <!-- @BeforeClass start -->
  <testcase name="@AfterClass end" time="0.0" classname="com.test.TestCase.DevelopmentMgmt.TC_WorkReport">
    <skipped/>
  </testcase> <!-- @AfterClass end -->
  <testcase name="investors" time="0.0" classname="com.test.TestCase.DevelopmentMgmt.TC_Investors">
    <skipped/>
  </testcase> <!-- investors -->
  <testcase name="property" time="0.0" classname="com.test.TestCase.DevelopmentMgmt.TC_Property">
    <skipped/>
  </testcase> <!-- property -->
  <testcase name="visit" time="0.001" classname="com.test.TestCase.DevelopmentMgmt.TC_Visit">
    <skipped/>
  </testcase> <!-- visit -->
  <testcase name="contract" time="0.0" classname="com.test.TestCase.DevelopmentMgmt.TC_Contract">
    <skipped/>
  </testcase> <!-- contract -->
  <testcase name="receipts" time="0.0" classname="com.test.TestCase.DevelopmentMgmt.TC_Receipts">
    <skipped/>
  </testcase> <!-- receipts -->
  <testcase name="license" time="0.001" classname="com.test.TestCase.DevelopmentMgmt.TC_License">
    <skipped/>
  </testcase> <!-- license -->
  <testcase name="projectSummary" time="0.0" classname="com.test.TestCase.DevelopmentMgmt.TC_ProjectSummary">
    <skipped/>
  </testcase> <!-- projectSummary -->
  <testcase name="receivables" time="0.001" classname="com.test.TestCase.DevelopmentMgmt.TC_Receivables">
    <skipped/>
  </testcase> <!-- receivables -->
  <testcase name="workReport" time="0.0" classname="com.test.TestCase.DevelopmentMgmt.TC_WorkReport">
    <skipped/>
  </testcase> <!-- workReport -->
</testsuite> <!-- DevelopmentMgmt -->
