<html>
<head>
<title>TestNG:  StatisticsReport</title>
<link href="../testng.css" rel="stylesheet" type="text/css" />
<link href="../my-testng.css" rel="stylesheet" type="text/css" />

<style type="text/css">
.log { display: none;} 
.stack-trace { display: none;} 
</style>
<script type="text/javascript">
<!--
function flip(e) {
  current = e.style.display;
  if (current == 'block') {
    e.style.display = 'none';
    return 0;
  }
  else {
    e.style.display = 'block';
    return 1;
  }
}

function toggleBox(szDivId, elem, msg1, msg2)
{
  var res = -1;  if (document.getElementById) {
    res = flip(document.getElementById(szDivId));
  }
  else if (document.all) {
    // this is the way old msie versions work
    res = flip(document.all[szDivId]);
  }
  if(elem) {
    if(res == 0) elem.innerHTML = msg1; else elem.innerHTML = msg2;
  }

}

function toggleAllBoxes() {
  if (document.getElementsByTagName) {
    d = document.getElementsByTagName('div');
    for (i = 0; i < d.length; i++) {
      if (d[i].className == 'log') {
        flip(d[i]);
      }
    }
  }
}

// -->
</script>

</head>
<body>
<h2 align='center'>StatisticsReport</h2><table border='1' align="center">
<tr>
<td>Tests passed/Failed/Skipped:</td><td>0/0/14</td>
</tr><tr>
<td>Started on:</td><td>Thu Jul 08 16:14:56 CST 2021</td>
</tr>
<tr><td>Total time:</td><td>0 seconds (32 ms)</td>
</tr><tr>
<td>Included groups:</td><td></td>
</tr><tr>
<td>Excluded groups:</td><td></td>
</tr>
</table><p/>
<small><i>(Hover the method name to see the test class name)</i></small><p/>
<table width='100%' border='1' class='invocation-failed'>
<tr><td colspan='4' align='center'><b>FAILED CONFIGURATIONS</b></td></tr>
<tr><td><b>Test method</b></td>
<td width="30%"><b>Exception</b></td>
<td width="10%"><b>Time (seconds)</b></td>
<td><b>Instance</b></td>
</tr>
<tr>
<td title='com.test.TestCase.StatisticsReport.TC_AppUsageStats.start()'><b>start</b><br>Test class: com.test.TestCase.StatisticsReport.TC_AppUsageStats</td>
<td><div><pre>java.lang.NoClassDefFoundError: org/openqa/selenium/WebDriver
	at com.test.TestCase.LoginLogout.BaseTestCase.init(BaseTestCase.java:14)
	at com.test.TestCase.StatisticsReport.TC_AppUsageStats.start(TC_AppUsageStats.java:19)
Caused by: java.lang.ClassNotFoundException: org.openqa.selenium.WebDriver
	at java.net.URLClassLoader.findClass(Unknown Source)
	at java.lang.ClassLoader.loadClass(Unknown Source)
	at sun.misc.Launcher$AppClassLoader.loadClass(Unknown Source)
	at java.lang.ClassLoader.loadClass(Unknown Source)
	... 26 more
... Removed 24 stack frames</pre></div><a href='#' onClick='toggleBox("stack-trace1967892594", this, "Click to show all stack frames", "Click to hide stack frames")'>Click to show all stack frames</a>
<div class='stack-trace' id='stack-trace1967892594'><pre>java.lang.NoClassDefFoundError: org/openqa/selenium/WebDriver
	at com.test.TestCase.LoginLogout.BaseTestCase.init(BaseTestCase.java:14)
	at com.test.TestCase.StatisticsReport.TC_AppUsageStats.start(TC_AppUsageStats.java:19)
	at sun.reflect.NativeMethodAccessorImpl.invoke0(Native Method)
	at sun.reflect.NativeMethodAccessorImpl.invoke(Unknown Source)
	at sun.reflect.DelegatingMethodAccessorImpl.invoke(Unknown Source)
	at java.lang.reflect.Method.invoke(Unknown Source)
	at org.testng.internal.MethodInvocationHelper.invokeMethod(MethodInvocationHelper.java:85)
	at org.testng.internal.Invoker.invokeConfigurationMethod(Invoker.java:510)
	at org.testng.internal.Invoker.invokeConfigurations(Invoker.java:211)
	at org.testng.internal.Invoker.invokeConfigurations(Invoker.java:138)
	at org.testng.internal.TestMethodWorker.invokeBeforeClassMethods(TestMethodWorker.java:170)
	at org.testng.internal.TestMethodWorker.run(TestMethodWorker.java:104)
	at org.testng.TestRunner.privateRun(TestRunner.java:774)
	at org.testng.TestRunner.run(TestRunner.java:624)
	at org.testng.SuiteRunner.runTest(SuiteRunner.java:359)
	at org.testng.SuiteRunner.runSequentially(SuiteRunner.java:354)
	at org.testng.SuiteRunner.privateRun(SuiteRunner.java:312)
	at org.testng.SuiteRunner.run(SuiteRunner.java:261)
	at org.testng.SuiteRunnerWorker.runSuite(SuiteRunnerWorker.java:52)
	at org.testng.SuiteRunnerWorker.run(SuiteRunnerWorker.java:86)
	at org.testng.TestNG.runSuitesSequentially(TestNG.java:1191)
	at org.testng.TestNG.runSuitesLocally(TestNG.java:1116)
	at org.testng.TestNG.run(TestNG.java:1024)
	at org.testng.remote.RemoteTestNG.run(RemoteTestNG.java:112)
	at org.testng.remote.RemoteTestNG.initAndRun(RemoteTestNG.java:205)
	at org.testng.remote.RemoteTestNG.main(RemoteTestNG.java:176)
Caused by: java.lang.ClassNotFoundException: org.openqa.selenium.WebDriver
	at java.net.URLClassLoader.findClass(Unknown Source)
	at java.lang.ClassLoader.loadClass(Unknown Source)
	at sun.misc.Launcher$AppClassLoader.loadClass(Unknown Source)
	at java.lang.ClassLoader.loadClass(Unknown Source)
	... 26 more
</pre></div></td>
<td>0</td>
<td>com.test.TestCase.StatisticsReport.TC_AppUsageStats@71c7db30</td></tr>
<tr>
<td title='com.test.TestCase.StatisticsReport.TC_BrandProjects.start()'><b>start</b><br>Test class: com.test.TestCase.StatisticsReport.TC_BrandProjects</td>
<td><div><pre>java.lang.NoClassDefFoundError: org/openqa/selenium/WebDriver
	at com.test.TestCase.LoginLogout.BaseTestCase.init(BaseTestCase.java:14)
	at com.test.TestCase.StatisticsReport.TC_BrandProjects.start(TC_BrandProjects.java:21)
Caused by: java.lang.ClassNotFoundException: org.openqa.selenium.WebDriver
	at java.net.URLClassLoader.findClass(Unknown Source)
	at java.lang.ClassLoader.loadClass(Unknown Source)
	at sun.misc.Launcher$AppClassLoader.loadClass(Unknown Source)
	at java.lang.ClassLoader.loadClass(Unknown Source)
	... 26 more
... Removed 24 stack frames</pre></div><a href='#' onClick='toggleBox("stack-trace1076496284", this, "Click to show all stack frames", "Click to hide stack frames")'>Click to show all stack frames</a>
<div class='stack-trace' id='stack-trace1076496284'><pre>java.lang.NoClassDefFoundError: org/openqa/selenium/WebDriver
	at com.test.TestCase.LoginLogout.BaseTestCase.init(BaseTestCase.java:14)
	at com.test.TestCase.StatisticsReport.TC_BrandProjects.start(TC_BrandProjects.java:21)
	at sun.reflect.NativeMethodAccessorImpl.invoke0(Native Method)
	at sun.reflect.NativeMethodAccessorImpl.invoke(Unknown Source)
	at sun.reflect.DelegatingMethodAccessorImpl.invoke(Unknown Source)
	at java.lang.reflect.Method.invoke(Unknown Source)
	at org.testng.internal.MethodInvocationHelper.invokeMethod(MethodInvocationHelper.java:85)
	at org.testng.internal.Invoker.invokeConfigurationMethod(Invoker.java:510)
	at org.testng.internal.Invoker.invokeConfigurations(Invoker.java:211)
	at org.testng.internal.Invoker.invokeConfigurations(Invoker.java:138)
	at org.testng.internal.TestMethodWorker.invokeBeforeClassMethods(TestMethodWorker.java:170)
	at org.testng.internal.TestMethodWorker.run(TestMethodWorker.java:104)
	at org.testng.TestRunner.privateRun(TestRunner.java:774)
	at org.testng.TestRunner.run(TestRunner.java:624)
	at org.testng.SuiteRunner.runTest(SuiteRunner.java:359)
	at org.testng.SuiteRunner.runSequentially(SuiteRunner.java:354)
	at org.testng.SuiteRunner.privateRun(SuiteRunner.java:312)
	at org.testng.SuiteRunner.run(SuiteRunner.java:261)
	at org.testng.SuiteRunnerWorker.runSuite(SuiteRunnerWorker.java:52)
	at org.testng.SuiteRunnerWorker.run(SuiteRunnerWorker.java:86)
	at org.testng.TestNG.runSuitesSequentially(TestNG.java:1191)
	at org.testng.TestNG.runSuitesLocally(TestNG.java:1116)
	at org.testng.TestNG.run(TestNG.java:1024)
	at org.testng.remote.RemoteTestNG.run(RemoteTestNG.java:112)
	at org.testng.remote.RemoteTestNG.initAndRun(RemoteTestNG.java:205)
	at org.testng.remote.RemoteTestNG.main(RemoteTestNG.java:176)
Caused by: java.lang.ClassNotFoundException: org.openqa.selenium.WebDriver
	at java.net.URLClassLoader.findClass(Unknown Source)
	at java.lang.ClassLoader.loadClass(Unknown Source)
	at sun.misc.Launcher$AppClassLoader.loadClass(Unknown Source)
	at java.lang.ClassLoader.loadClass(Unknown Source)
	... 26 more
</pre></div></td>
<td>0</td>
<td>com.test.TestCase.StatisticsReport.TC_BrandProjects@19bb089b</td></tr>
<tr>
<td title='com.test.TestCase.StatisticsReport.TC_DevBrandProjects.start()'><b>start</b><br>Test class: com.test.TestCase.StatisticsReport.TC_DevBrandProjects</td>
<td><div><pre>java.lang.NoClassDefFoundError: org/openqa/selenium/WebDriver
	at com.test.TestCase.LoginLogout.BaseTestCase.init(BaseTestCase.java:14)
	at com.test.TestCase.StatisticsReport.TC_DevBrandProjects.start(TC_DevBrandProjects.java:19)
Caused by: java.lang.ClassNotFoundException: org.openqa.selenium.WebDriver
	at java.net.URLClassLoader.findClass(Unknown Source)
	at java.lang.ClassLoader.loadClass(Unknown Source)
	at sun.misc.Launcher$AppClassLoader.loadClass(Unknown Source)
	at java.lang.ClassLoader.loadClass(Unknown Source)
	... 26 more
... Removed 24 stack frames</pre></div><a href='#' onClick='toggleBox("stack-trace1497973285", this, "Click to show all stack frames", "Click to hide stack frames")'>Click to show all stack frames</a>
<div class='stack-trace' id='stack-trace1497973285'><pre>java.lang.NoClassDefFoundError: org/openqa/selenium/WebDriver
	at com.test.TestCase.LoginLogout.BaseTestCase.init(BaseTestCase.java:14)
	at com.test.TestCase.StatisticsReport.TC_DevBrandProjects.start(TC_DevBrandProjects.java:19)
	at sun.reflect.NativeMethodAccessorImpl.invoke0(Native Method)
	at sun.reflect.NativeMethodAccessorImpl.invoke(Unknown Source)
	at sun.reflect.DelegatingMethodAccessorImpl.invoke(Unknown Source)
	at java.lang.reflect.Method.invoke(Unknown Source)
	at org.testng.internal.MethodInvocationHelper.invokeMethod(MethodInvocationHelper.java:85)
	at org.testng.internal.Invoker.invokeConfigurationMethod(Invoker.java:510)
	at org.testng.internal.Invoker.invokeConfigurations(Invoker.java:211)
	at org.testng.internal.Invoker.invokeConfigurations(Invoker.java:138)
	at org.testng.internal.TestMethodWorker.invokeBeforeClassMethods(TestMethodWorker.java:170)
	at org.testng.internal.TestMethodWorker.run(TestMethodWorker.java:104)
	at org.testng.TestRunner.privateRun(TestRunner.java:774)
	at org.testng.TestRunner.run(TestRunner.java:624)
	at org.testng.SuiteRunner.runTest(SuiteRunner.java:359)
	at org.testng.SuiteRunner.runSequentially(SuiteRunner.java:354)
	at org.testng.SuiteRunner.privateRun(SuiteRunner.java:312)
	at org.testng.SuiteRunner.run(SuiteRunner.java:261)
	at org.testng.SuiteRunnerWorker.runSuite(SuiteRunnerWorker.java:52)
	at org.testng.SuiteRunnerWorker.run(SuiteRunnerWorker.java:86)
	at org.testng.TestNG.runSuitesSequentially(TestNG.java:1191)
	at org.testng.TestNG.runSuitesLocally(TestNG.java:1116)
	at org.testng.TestNG.run(TestNG.java:1024)
	at org.testng.remote.RemoteTestNG.run(RemoteTestNG.java:112)
	at org.testng.remote.RemoteTestNG.initAndRun(RemoteTestNG.java:205)
	at org.testng.remote.RemoteTestNG.main(RemoteTestNG.java:176)
Caused by: java.lang.ClassNotFoundException: org.openqa.selenium.WebDriver
	at java.net.URLClassLoader.findClass(Unknown Source)
	at java.lang.ClassLoader.loadClass(Unknown Source)
	at sun.misc.Launcher$AppClassLoader.loadClass(Unknown Source)
	at java.lang.ClassLoader.loadClass(Unknown Source)
	... 26 more
</pre></div></td>
<td>0</td>
<td>com.test.TestCase.StatisticsReport.TC_DevBrandProjects@4563e9ab</td></tr>
<tr>
<td title='com.test.TestCase.StatisticsReport.TC_DevProjects.start()'><b>start</b><br>Test class: com.test.TestCase.StatisticsReport.TC_DevProjects</td>
<td><div><pre>java.lang.NoClassDefFoundError: org/openqa/selenium/WebDriver
	at com.test.TestCase.LoginLogout.BaseTestCase.init(BaseTestCase.java:14)
	at com.test.TestCase.StatisticsReport.TC_DevProjects.start(TC_DevProjects.java:20)
Caused by: java.lang.ClassNotFoundException: org.openqa.selenium.WebDriver
	at java.net.URLClassLoader.findClass(Unknown Source)
	at java.lang.ClassLoader.loadClass(Unknown Source)
	at sun.misc.Launcher$AppClassLoader.loadClass(Unknown Source)
	at java.lang.ClassLoader.loadClass(Unknown Source)
	... 26 more
... Removed 24 stack frames</pre></div><a href='#' onClick='toggleBox("stack-trace1234776885", this, "Click to show all stack frames", "Click to hide stack frames")'>Click to show all stack frames</a>
<div class='stack-trace' id='stack-trace1234776885'><pre>java.lang.NoClassDefFoundError: org/openqa/selenium/WebDriver
	at com.test.TestCase.LoginLogout.BaseTestCase.init(BaseTestCase.java:14)
	at com.test.TestCase.StatisticsReport.TC_DevProjects.start(TC_DevProjects.java:20)
	at sun.reflect.NativeMethodAccessorImpl.invoke0(Native Method)
	at sun.reflect.NativeMethodAccessorImpl.invoke(Unknown Source)
	at sun.reflect.DelegatingMethodAccessorImpl.invoke(Unknown Source)
	at java.lang.reflect.Method.invoke(Unknown Source)
	at org.testng.internal.MethodInvocationHelper.invokeMethod(MethodInvocationHelper.java:85)
	at org.testng.internal.Invoker.invokeConfigurationMethod(Invoker.java:510)
	at org.testng.internal.Invoker.invokeConfigurations(Invoker.java:211)
	at org.testng.internal.Invoker.invokeConfigurations(Invoker.java:138)
	at org.testng.internal.TestMethodWorker.invokeBeforeClassMethods(TestMethodWorker.java:170)
	at org.testng.internal.TestMethodWorker.run(TestMethodWorker.java:104)
	at org.testng.TestRunner.privateRun(TestRunner.java:774)
	at org.testng.TestRunner.run(TestRunner.java:624)
	at org.testng.SuiteRunner.runTest(SuiteRunner.java:359)
	at org.testng.SuiteRunner.runSequentially(SuiteRunner.java:354)
	at org.testng.SuiteRunner.privateRun(SuiteRunner.java:312)
	at org.testng.SuiteRunner.run(SuiteRunner.java:261)
	at org.testng.SuiteRunnerWorker.runSuite(SuiteRunnerWorker.java:52)
	at org.testng.SuiteRunnerWorker.run(SuiteRunnerWorker.java:86)
	at org.testng.TestNG.runSuitesSequentially(TestNG.java:1191)
	at org.testng.TestNG.runSuitesLocally(TestNG.java:1116)
	at org.testng.TestNG.run(TestNG.java:1024)
	at org.testng.remote.RemoteTestNG.run(RemoteTestNG.java:112)
	at org.testng.remote.RemoteTestNG.initAndRun(RemoteTestNG.java:205)
	at org.testng.remote.RemoteTestNG.main(RemoteTestNG.java:176)
Caused by: java.lang.ClassNotFoundException: org.openqa.selenium.WebDriver
	at java.net.URLClassLoader.findClass(Unknown Source)
	at java.lang.ClassLoader.loadClass(Unknown Source)
	at sun.misc.Launcher$AppClassLoader.loadClass(Unknown Source)
	at java.lang.ClassLoader.loadClass(Unknown Source)
	... 26 more
</pre></div></td>
<td>0</td>
<td>com.test.TestCase.StatisticsReport.TC_DevProjects@11531931</td></tr>
<tr>
<td title='com.test.TestCase.StatisticsReport.TC_DevRevenue.start()'><b>start</b><br>Test class: com.test.TestCase.StatisticsReport.TC_DevRevenue</td>
<td><div><pre>java.lang.NoClassDefFoundError: org/openqa/selenium/WebDriver
	at com.test.TestCase.LoginLogout.BaseTestCase.init(BaseTestCase.java:14)
	at com.test.TestCase.StatisticsReport.TC_DevRevenue.start(TC_DevRevenue.java:19)
Caused by: java.lang.ClassNotFoundException: org.openqa.selenium.WebDriver
	at java.net.URLClassLoader.findClass(Unknown Source)
	at java.lang.ClassLoader.loadClass(Unknown Source)
	at sun.misc.Launcher$AppClassLoader.loadClass(Unknown Source)
	at java.lang.ClassLoader.loadClass(Unknown Source)
	... 26 more
... Removed 24 stack frames</pre></div><a href='#' onClick='toggleBox("stack-trace174573182", this, "Click to show all stack frames", "Click to hide stack frames")'>Click to show all stack frames</a>
<div class='stack-trace' id='stack-trace174573182'><pre>java.lang.NoClassDefFoundError: org/openqa/selenium/WebDriver
	at com.test.TestCase.LoginLogout.BaseTestCase.init(BaseTestCase.java:14)
	at com.test.TestCase.StatisticsReport.TC_DevRevenue.start(TC_DevRevenue.java:19)
	at sun.reflect.NativeMethodAccessorImpl.invoke0(Native Method)
	at sun.reflect.NativeMethodAccessorImpl.invoke(Unknown Source)
	at sun.reflect.DelegatingMethodAccessorImpl.invoke(Unknown Source)
	at java.lang.reflect.Method.invoke(Unknown Source)
	at org.testng.internal.MethodInvocationHelper.invokeMethod(MethodInvocationHelper.java:85)
	at org.testng.internal.Invoker.invokeConfigurationMethod(Invoker.java:510)
	at org.testng.internal.Invoker.invokeConfigurations(Invoker.java:211)
	at org.testng.internal.Invoker.invokeConfigurations(Invoker.java:138)
	at org.testng.internal.TestMethodWorker.invokeBeforeClassMethods(TestMethodWorker.java:170)
	at org.testng.internal.TestMethodWorker.run(TestMethodWorker.java:104)
	at org.testng.TestRunner.privateRun(TestRunner.java:774)
	at org.testng.TestRunner.run(TestRunner.java:624)
	at org.testng.SuiteRunner.runTest(SuiteRunner.java:359)
	at org.testng.SuiteRunner.runSequentially(SuiteRunner.java:354)
	at org.testng.SuiteRunner.privateRun(SuiteRunner.java:312)
	at org.testng.SuiteRunner.run(SuiteRunner.java:261)
	at org.testng.SuiteRunnerWorker.runSuite(SuiteRunnerWorker.java:52)
	at org.testng.SuiteRunnerWorker.run(SuiteRunnerWorker.java:86)
	at org.testng.TestNG.runSuitesSequentially(TestNG.java:1191)
	at org.testng.TestNG.runSuitesLocally(TestNG.java:1116)
	at org.testng.TestNG.run(TestNG.java:1024)
	at org.testng.remote.RemoteTestNG.run(RemoteTestNG.java:112)
	at org.testng.remote.RemoteTestNG.initAndRun(RemoteTestNG.java:205)
	at org.testng.remote.RemoteTestNG.main(RemoteTestNG.java:176)
Caused by: java.lang.ClassNotFoundException: org.openqa.selenium.WebDriver
	at java.net.URLClassLoader.findClass(Unknown Source)
	at java.lang.ClassLoader.loadClass(Unknown Source)
	at sun.misc.Launcher$AppClassLoader.loadClass(Unknown Source)
	at java.lang.ClassLoader.loadClass(Unknown Source)
	... 26 more
</pre></div></td>
<td>0</td>
<td>com.test.TestCase.StatisticsReport.TC_DevRevenue@5e025e70</td></tr>
<tr>
<td title='com.test.TestCase.StatisticsReport.TC_DevSigned.start()'><b>start</b><br>Test class: com.test.TestCase.StatisticsReport.TC_DevSigned</td>
<td><div><pre>java.lang.NoClassDefFoundError: org/openqa/selenium/WebDriver
	at com.test.TestCase.LoginLogout.BaseTestCase.init(BaseTestCase.java:14)
	at com.test.TestCase.StatisticsReport.TC_DevSigned.start(TC_DevSigned.java:18)
Caused by: java.lang.ClassNotFoundException: org.openqa.selenium.WebDriver
	at java.net.URLClassLoader.findClass(Unknown Source)
	at java.lang.ClassLoader.loadClass(Unknown Source)
	at sun.misc.Launcher$AppClassLoader.loadClass(Unknown Source)
	at java.lang.ClassLoader.loadClass(Unknown Source)
	... 26 more
... Removed 24 stack frames</pre></div><a href='#' onClick='toggleBox("stack-trace329645619", this, "Click to show all stack frames", "Click to hide stack frames")'>Click to show all stack frames</a>
<div class='stack-trace' id='stack-trace329645619'><pre>java.lang.NoClassDefFoundError: org/openqa/selenium/WebDriver
	at com.test.TestCase.LoginLogout.BaseTestCase.init(BaseTestCase.java:14)
	at com.test.TestCase.StatisticsReport.TC_DevSigned.start(TC_DevSigned.java:18)
	at sun.reflect.NativeMethodAccessorImpl.invoke0(Native Method)
	at sun.reflect.NativeMethodAccessorImpl.invoke(Unknown Source)
	at sun.reflect.DelegatingMethodAccessorImpl.invoke(Unknown Source)
	at java.lang.reflect.Method.invoke(Unknown Source)
	at org.testng.internal.MethodInvocationHelper.invokeMethod(MethodInvocationHelper.java:85)
	at org.testng.internal.Invoker.invokeConfigurationMethod(Invoker.java:510)
	at org.testng.internal.Invoker.invokeConfigurations(Invoker.java:211)
	at org.testng.internal.Invoker.invokeConfigurations(Invoker.java:138)
	at org.testng.internal.TestMethodWorker.invokeBeforeClassMethods(TestMethodWorker.java:170)
	at org.testng.internal.TestMethodWorker.run(TestMethodWorker.java:104)
	at org.testng.TestRunner.privateRun(TestRunner.java:774)
	at org.testng.TestRunner.run(TestRunner.java:624)
	at org.testng.SuiteRunner.runTest(SuiteRunner.java:359)
	at org.testng.SuiteRunner.runSequentially(SuiteRunner.java:354)
	at org.testng.SuiteRunner.privateRun(SuiteRunner.java:312)
	at org.testng.SuiteRunner.run(SuiteRunner.java:261)
	at org.testng.SuiteRunnerWorker.runSuite(SuiteRunnerWorker.java:52)
	at org.testng.SuiteRunnerWorker.run(SuiteRunnerWorker.java:86)
	at org.testng.TestNG.runSuitesSequentially(TestNG.java:1191)
	at org.testng.TestNG.runSuitesLocally(TestNG.java:1116)
	at org.testng.TestNG.run(TestNG.java:1024)
	at org.testng.remote.RemoteTestNG.run(RemoteTestNG.java:112)
	at org.testng.remote.RemoteTestNG.initAndRun(RemoteTestNG.java:205)
	at org.testng.remote.RemoteTestNG.main(RemoteTestNG.java:176)
Caused by: java.lang.ClassNotFoundException: org.openqa.selenium.WebDriver
	at java.net.URLClassLoader.findClass(Unknown Source)
	at java.lang.ClassLoader.loadClass(Unknown Source)
	at sun.misc.Launcher$AppClassLoader.loadClass(Unknown Source)
	at java.lang.ClassLoader.loadClass(Unknown Source)
	... 26 more
</pre></div></td>
<td>0</td>
<td>com.test.TestCase.StatisticsReport.TC_DevSigned@1fbc7afb</td></tr>
<tr>
<td title='com.test.TestCase.StatisticsReport.TC_MonthlyFee.start()'><b>start</b><br>Test class: com.test.TestCase.StatisticsReport.TC_MonthlyFee</td>
<td><div><pre>java.lang.NoClassDefFoundError: org/openqa/selenium/WebDriver
	at com.test.TestCase.LoginLogout.BaseTestCase.init(BaseTestCase.java:14)
	at com.test.TestCase.StatisticsReport.TC_MonthlyFee.start(TC_MonthlyFee.java:21)
Caused by: java.lang.ClassNotFoundException: org.openqa.selenium.WebDriver
	at java.net.URLClassLoader.findClass(Unknown Source)
	at java.lang.ClassLoader.loadClass(Unknown Source)
	at sun.misc.Launcher$AppClassLoader.loadClass(Unknown Source)
	at java.lang.ClassLoader.loadClass(Unknown Source)
	... 26 more
... Removed 24 stack frames</pre></div><a href='#' onClick='toggleBox("stack-trace1519280649", this, "Click to show all stack frames", "Click to hide stack frames")'>Click to show all stack frames</a>
<div class='stack-trace' id='stack-trace1519280649'><pre>java.lang.NoClassDefFoundError: org/openqa/selenium/WebDriver
	at com.test.TestCase.LoginLogout.BaseTestCase.init(BaseTestCase.java:14)
	at com.test.TestCase.StatisticsReport.TC_MonthlyFee.start(TC_MonthlyFee.java:21)
	at sun.reflect.NativeMethodAccessorImpl.invoke0(Native Method)
	at sun.reflect.NativeMethodAccessorImpl.invoke(Unknown Source)
	at sun.reflect.DelegatingMethodAccessorImpl.invoke(Unknown Source)
	at java.lang.reflect.Method.invoke(Unknown Source)
	at org.testng.internal.MethodInvocationHelper.invokeMethod(MethodInvocationHelper.java:85)
	at org.testng.internal.Invoker.invokeConfigurationMethod(Invoker.java:510)
	at org.testng.internal.Invoker.invokeConfigurations(Invoker.java:211)
	at org.testng.internal.Invoker.invokeConfigurations(Invoker.java:138)
	at org.testng.internal.TestMethodWorker.invokeBeforeClassMethods(TestMethodWorker.java:170)
	at org.testng.internal.TestMethodWorker.run(TestMethodWorker.java:104)
	at org.testng.TestRunner.privateRun(TestRunner.java:774)
	at org.testng.TestRunner.run(TestRunner.java:624)
	at org.testng.SuiteRunner.runTest(SuiteRunner.java:359)
	at org.testng.SuiteRunner.runSequentially(SuiteRunner.java:354)
	at org.testng.SuiteRunner.privateRun(SuiteRunner.java:312)
	at org.testng.SuiteRunner.run(SuiteRunner.java:261)
	at org.testng.SuiteRunnerWorker.runSuite(SuiteRunnerWorker.java:52)
	at org.testng.SuiteRunnerWorker.run(SuiteRunnerWorker.java:86)
	at org.testng.TestNG.runSuitesSequentially(TestNG.java:1191)
	at org.testng.TestNG.runSuitesLocally(TestNG.java:1116)
	at org.testng.TestNG.run(TestNG.java:1024)
	at org.testng.remote.RemoteTestNG.run(RemoteTestNG.java:112)
	at org.testng.remote.RemoteTestNG.initAndRun(RemoteTestNG.java:205)
	at org.testng.remote.RemoteTestNG.main(RemoteTestNG.java:176)
Caused by: java.lang.ClassNotFoundException: org.openqa.selenium.WebDriver
	at java.net.URLClassLoader.findClass(Unknown Source)
	at java.lang.ClassLoader.loadClass(Unknown Source)
	at sun.misc.Launcher$AppClassLoader.loadClass(Unknown Source)
	at java.lang.ClassLoader.loadClass(Unknown Source)
	... 26 more
</pre></div></td>
<td>0</td>
<td>com.test.TestCase.StatisticsReport.TC_MonthlyFee@45c8e616</td></tr>
<tr>
<td title='com.test.TestCase.StatisticsReport.TC_NumberOfStores.start()'><b>start</b><br>Test class: com.test.TestCase.StatisticsReport.TC_NumberOfStores</td>
<td><div><pre>java.lang.NoClassDefFoundError: org/openqa/selenium/WebDriver
	at com.test.TestCase.LoginLogout.BaseTestCase.init(BaseTestCase.java:14)
	at com.test.TestCase.StatisticsReport.TC_NumberOfStores.start(TC_NumberOfStores.java:19)
Caused by: java.lang.ClassNotFoundException: org.openqa.selenium.WebDriver
	at java.net.URLClassLoader.findClass(Unknown Source)
	at java.lang.ClassLoader.loadClass(Unknown Source)
	at sun.misc.Launcher$AppClassLoader.loadClass(Unknown Source)
	at java.lang.ClassLoader.loadClass(Unknown Source)
	... 26 more
... Removed 24 stack frames</pre></div><a href='#' onClick='toggleBox("stack-trace1206883981", this, "Click to show all stack frames", "Click to hide stack frames")'>Click to show all stack frames</a>
<div class='stack-trace' id='stack-trace1206883981'><pre>java.lang.NoClassDefFoundError: org/openqa/selenium/WebDriver
	at com.test.TestCase.LoginLogout.BaseTestCase.init(BaseTestCase.java:14)
	at com.test.TestCase.StatisticsReport.TC_NumberOfStores.start(TC_NumberOfStores.java:19)
	at sun.reflect.NativeMethodAccessorImpl.invoke0(Native Method)
	at sun.reflect.NativeMethodAccessorImpl.invoke(Unknown Source)
	at sun.reflect.DelegatingMethodAccessorImpl.invoke(Unknown Source)
	at java.lang.reflect.Method.invoke(Unknown Source)
	at org.testng.internal.MethodInvocationHelper.invokeMethod(MethodInvocationHelper.java:85)
	at org.testng.internal.Invoker.invokeConfigurationMethod(Invoker.java:510)
	at org.testng.internal.Invoker.invokeConfigurations(Invoker.java:211)
	at org.testng.internal.Invoker.invokeConfigurations(Invoker.java:138)
	at org.testng.internal.TestMethodWorker.invokeBeforeClassMethods(TestMethodWorker.java:170)
	at org.testng.internal.TestMethodWorker.run(TestMethodWorker.java:104)
	at org.testng.TestRunner.privateRun(TestRunner.java:774)
	at org.testng.TestRunner.run(TestRunner.java:624)
	at org.testng.SuiteRunner.runTest(SuiteRunner.java:359)
	at org.testng.SuiteRunner.runSequentially(SuiteRunner.java:354)
	at org.testng.SuiteRunner.privateRun(SuiteRunner.java:312)
	at org.testng.SuiteRunner.run(SuiteRunner.java:261)
	at org.testng.SuiteRunnerWorker.runSuite(SuiteRunnerWorker.java:52)
	at org.testng.SuiteRunnerWorker.run(SuiteRunnerWorker.java:86)
	at org.testng.TestNG.runSuitesSequentially(TestNG.java:1191)
	at org.testng.TestNG.runSuitesLocally(TestNG.java:1116)
	at org.testng.TestNG.run(TestNG.java:1024)
	at org.testng.remote.RemoteTestNG.run(RemoteTestNG.java:112)
	at org.testng.remote.RemoteTestNG.initAndRun(RemoteTestNG.java:205)
	at org.testng.remote.RemoteTestNG.main(RemoteTestNG.java:176)
Caused by: java.lang.ClassNotFoundException: org.openqa.selenium.WebDriver
	at java.net.URLClassLoader.findClass(Unknown Source)
	at java.lang.ClassLoader.loadClass(Unknown Source)
	at sun.misc.Launcher$AppClassLoader.loadClass(Unknown Source)
	at java.lang.ClassLoader.loadClass(Unknown Source)
	... 26 more
</pre></div></td>
<td>0</td>
<td>com.test.TestCase.StatisticsReport.TC_NumberOfStores@4cdbe50f</td></tr>
<tr>
<td title='com.test.TestCase.StatisticsReport.TC_ReceivableJoinFee.start()'><b>start</b><br>Test class: com.test.TestCase.StatisticsReport.TC_ReceivableJoinFee</td>
<td><div><pre>java.lang.NoClassDefFoundError: org/openqa/selenium/WebDriver
	at com.test.TestCase.LoginLogout.BaseTestCase.init(BaseTestCase.java:14)
	at com.test.TestCase.StatisticsReport.TC_ReceivableJoinFee.start(TC_ReceivableJoinFee.java:19)
Caused by: java.lang.ClassNotFoundException: org.openqa.selenium.WebDriver
	at java.net.URLClassLoader.findClass(Unknown Source)
	at java.lang.ClassLoader.loadClass(Unknown Source)
	at sun.misc.Launcher$AppClassLoader.loadClass(Unknown Source)
	at java.lang.ClassLoader.loadClass(Unknown Source)
	... 26 more
... Removed 24 stack frames</pre></div><a href='#' onClick='toggleBox("stack-trace1033490990", this, "Click to show all stack frames", "Click to hide stack frames")'>Click to show all stack frames</a>
<div class='stack-trace' id='stack-trace1033490990'><pre>java.lang.NoClassDefFoundError: org/openqa/selenium/WebDriver
	at com.test.TestCase.LoginLogout.BaseTestCase.init(BaseTestCase.java:14)
	at com.test.TestCase.StatisticsReport.TC_ReceivableJoinFee.start(TC_ReceivableJoinFee.java:19)
	at sun.reflect.NativeMethodAccessorImpl.invoke0(Native Method)
	at sun.reflect.NativeMethodAccessorImpl.invoke(Unknown Source)
	at sun.reflect.DelegatingMethodAccessorImpl.invoke(Unknown Source)
	at java.lang.reflect.Method.invoke(Unknown Source)
	at org.testng.internal.MethodInvocationHelper.invokeMethod(MethodInvocationHelper.java:85)
	at org.testng.internal.Invoker.invokeConfigurationMethod(Invoker.java:510)
	at org.testng.internal.Invoker.invokeConfigurations(Invoker.java:211)
	at org.testng.internal.Invoker.invokeConfigurations(Invoker.java:138)
	at org.testng.internal.TestMethodWorker.invokeBeforeClassMethods(TestMethodWorker.java:170)
	at org.testng.internal.TestMethodWorker.run(TestMethodWorker.java:104)
	at org.testng.TestRunner.privateRun(TestRunner.java:774)
	at org.testng.TestRunner.run(TestRunner.java:624)
	at org.testng.SuiteRunner.runTest(SuiteRunner.java:359)
	at org.testng.SuiteRunner.runSequentially(SuiteRunner.java:354)
	at org.testng.SuiteRunner.privateRun(SuiteRunner.java:312)
	at org.testng.SuiteRunner.run(SuiteRunner.java:261)
	at org.testng.SuiteRunnerWorker.runSuite(SuiteRunnerWorker.java:52)
	at org.testng.SuiteRunnerWorker.run(SuiteRunnerWorker.java:86)
	at org.testng.TestNG.runSuitesSequentially(TestNG.java:1191)
	at org.testng.TestNG.runSuitesLocally(TestNG.java:1116)
	at org.testng.TestNG.run(TestNG.java:1024)
	at org.testng.remote.RemoteTestNG.run(RemoteTestNG.java:112)
	at org.testng.remote.RemoteTestNG.initAndRun(RemoteTestNG.java:205)
	at org.testng.remote.RemoteTestNG.main(RemoteTestNG.java:176)
Caused by: java.lang.ClassNotFoundException: org.openqa.selenium.WebDriver
	at java.net.URLClassLoader.findClass(Unknown Source)
	at java.lang.ClassLoader.loadClass(Unknown Source)
	at sun.misc.Launcher$AppClassLoader.loadClass(Unknown Source)
	at java.lang.ClassLoader.loadClass(Unknown Source)
	... 26 more
</pre></div></td>
<td>0</td>
<td>com.test.TestCase.StatisticsReport.TC_ReceivableJoinFee@66d33a</td></tr>
<tr>
<td title='com.test.TestCase.StatisticsReport.TC_ReceivablesProgress.start()'><b>start</b><br>Test class: com.test.TestCase.StatisticsReport.TC_ReceivablesProgress</td>
<td><div><pre>java.lang.NoClassDefFoundError: org/openqa/selenium/WebDriver
	at com.test.TestCase.LoginLogout.BaseTestCase.init(BaseTestCase.java:14)
	at com.test.TestCase.StatisticsReport.TC_ReceivablesProgress.start(TC_ReceivablesProgress.java:16)
Caused by: java.lang.ClassNotFoundException: org.openqa.selenium.WebDriver
	at java.net.URLClassLoader.findClass(Unknown Source)
	at java.lang.ClassLoader.loadClass(Unknown Source)
	at sun.misc.Launcher$AppClassLoader.loadClass(Unknown Source)
	at java.lang.ClassLoader.loadClass(Unknown Source)
	... 26 more
... Removed 24 stack frames</pre></div><a href='#' onClick='toggleBox("stack-trace157683534", this, "Click to show all stack frames", "Click to hide stack frames")'>Click to show all stack frames</a>
<div class='stack-trace' id='stack-trace157683534'><pre>java.lang.NoClassDefFoundError: org/openqa/selenium/WebDriver
	at com.test.TestCase.LoginLogout.BaseTestCase.init(BaseTestCase.java:14)
	at com.test.TestCase.StatisticsReport.TC_ReceivablesProgress.start(TC_ReceivablesProgress.java:16)
	at sun.reflect.NativeMethodAccessorImpl.invoke0(Native Method)
	at sun.reflect.NativeMethodAccessorImpl.invoke(Unknown Source)
	at sun.reflect.DelegatingMethodAccessorImpl.invoke(Unknown Source)
	at java.lang.reflect.Method.invoke(Unknown Source)
	at org.testng.internal.MethodInvocationHelper.invokeMethod(MethodInvocationHelper.java:85)
	at org.testng.internal.Invoker.invokeConfigurationMethod(Invoker.java:510)
	at org.testng.internal.Invoker.invokeConfigurations(Invoker.java:211)
	at org.testng.internal.Invoker.invokeConfigurations(Invoker.java:138)
	at org.testng.internal.TestMethodWorker.invokeBeforeClassMethods(TestMethodWorker.java:170)
	at org.testng.internal.TestMethodWorker.run(TestMethodWorker.java:104)
	at org.testng.TestRunner.privateRun(TestRunner.java:774)
	at org.testng.TestRunner.run(TestRunner.java:624)
	at org.testng.SuiteRunner.runTest(SuiteRunner.java:359)
	at org.testng.SuiteRunner.runSequentially(SuiteRunner.java:354)
	at org.testng.SuiteRunner.privateRun(SuiteRunner.java:312)
	at org.testng.SuiteRunner.run(SuiteRunner.java:261)
	at org.testng.SuiteRunnerWorker.runSuite(SuiteRunnerWorker.java:52)
	at org.testng.SuiteRunnerWorker.run(SuiteRunnerWorker.java:86)
	at org.testng.TestNG.runSuitesSequentially(TestNG.java:1191)
	at org.testng.TestNG.runSuitesLocally(TestNG.java:1116)
	at org.testng.TestNG.run(TestNG.java:1024)
	at org.testng.remote.RemoteTestNG.run(RemoteTestNG.java:112)
	at org.testng.remote.RemoteTestNG.initAndRun(RemoteTestNG.java:205)
	at org.testng.remote.RemoteTestNG.main(RemoteTestNG.java:176)
Caused by: java.lang.ClassNotFoundException: org.openqa.selenium.WebDriver
	at java.net.URLClassLoader.findClass(Unknown Source)
	at java.lang.ClassLoader.loadClass(Unknown Source)
	at sun.misc.Launcher$AppClassLoader.loadClass(Unknown Source)
	at java.lang.ClassLoader.loadClass(Unknown Source)
	... 26 more
</pre></div></td>
<td>0</td>
<td>com.test.TestCase.StatisticsReport.TC_ReceivablesProgress@7cf10a6f</td></tr>
<tr>
<td title='com.test.TestCase.StatisticsReport.TC_RevenueJoinFee.start()'><b>start</b><br>Test class: com.test.TestCase.StatisticsReport.TC_RevenueJoinFee</td>
<td><div><pre>java.lang.NoClassDefFoundError: org/openqa/selenium/WebDriver
	at com.test.TestCase.LoginLogout.BaseTestCase.init(BaseTestCase.java:14)
	at com.test.TestCase.StatisticsReport.TC_RevenueJoinFee.start(TC_RevenueJoinFee.java:19)
Caused by: java.lang.ClassNotFoundException: org.openqa.selenium.WebDriver
	at java.net.URLClassLoader.findClass(Unknown Source)
	at java.lang.ClassLoader.loadClass(Unknown Source)
	at sun.misc.Launcher$AppClassLoader.loadClass(Unknown Source)
	at java.lang.ClassLoader.loadClass(Unknown Source)
	... 26 more
... Removed 24 stack frames</pre></div><a href='#' onClick='toggleBox("stack-trace85777802", this, "Click to show all stack frames", "Click to hide stack frames")'>Click to show all stack frames</a>
<div class='stack-trace' id='stack-trace85777802'><pre>java.lang.NoClassDefFoundError: org/openqa/selenium/WebDriver
	at com.test.TestCase.LoginLogout.BaseTestCase.init(BaseTestCase.java:14)
	at com.test.TestCase.StatisticsReport.TC_RevenueJoinFee.start(TC_RevenueJoinFee.java:19)
	at sun.reflect.NativeMethodAccessorImpl.invoke0(Native Method)
	at sun.reflect.NativeMethodAccessorImpl.invoke(Unknown Source)
	at sun.reflect.DelegatingMethodAccessorImpl.invoke(Unknown Source)
	at java.lang.reflect.Method.invoke(Unknown Source)
	at org.testng.internal.MethodInvocationHelper.invokeMethod(MethodInvocationHelper.java:85)
	at org.testng.internal.Invoker.invokeConfigurationMethod(Invoker.java:510)
	at org.testng.internal.Invoker.invokeConfigurations(Invoker.java:211)
	at org.testng.internal.Invoker.invokeConfigurations(Invoker.java:138)
	at org.testng.internal.TestMethodWorker.invokeBeforeClassMethods(TestMethodWorker.java:170)
	at org.testng.internal.TestMethodWorker.run(TestMethodWorker.java:104)
	at org.testng.TestRunner.privateRun(TestRunner.java:774)
	at org.testng.TestRunner.run(TestRunner.java:624)
	at org.testng.SuiteRunner.runTest(SuiteRunner.java:359)
	at org.testng.SuiteRunner.runSequentially(SuiteRunner.java:354)
	at org.testng.SuiteRunner.privateRun(SuiteRunner.java:312)
	at org.testng.SuiteRunner.run(SuiteRunner.java:261)
	at org.testng.SuiteRunnerWorker.runSuite(SuiteRunnerWorker.java:52)
	at org.testng.SuiteRunnerWorker.run(SuiteRunnerWorker.java:86)
	at org.testng.TestNG.runSuitesSequentially(TestNG.java:1191)
	at org.testng.TestNG.runSuitesLocally(TestNG.java:1116)
	at org.testng.TestNG.run(TestNG.java:1024)
	at org.testng.remote.RemoteTestNG.run(RemoteTestNG.java:112)
	at org.testng.remote.RemoteTestNG.initAndRun(RemoteTestNG.java:205)
	at org.testng.remote.RemoteTestNG.main(RemoteTestNG.java:176)
Caused by: java.lang.ClassNotFoundException: org.openqa.selenium.WebDriver
	at java.net.URLClassLoader.findClass(Unknown Source)
	at java.lang.ClassLoader.loadClass(Unknown Source)
	at sun.misc.Launcher$AppClassLoader.loadClass(Unknown Source)
	at java.lang.ClassLoader.loadClass(Unknown Source)
	... 26 more
</pre></div></td>
<td>0</td>
<td>com.test.TestCase.StatisticsReport.TC_RevenueJoinFee@7e0babb1</td></tr>
<tr>
<td title='com.test.TestCase.StatisticsReport.TC_StoreStatus.start()'><b>start</b><br>Test class: com.test.TestCase.StatisticsReport.TC_StoreStatus</td>
<td><div><pre>java.lang.NoClassDefFoundError: org/openqa/selenium/WebDriver
	at com.test.TestCase.LoginLogout.BaseTestCase.init(BaseTestCase.java:14)
	at com.test.TestCase.StatisticsReport.TC_StoreStatus.start(TC_StoreStatus.java:20)
Caused by: java.lang.ClassNotFoundException: org.openqa.selenium.WebDriver
	at java.net.URLClassLoader.findClass(Unknown Source)
	at java.lang.ClassLoader.loadClass(Unknown Source)
	at sun.misc.Launcher$AppClassLoader.loadClass(Unknown Source)
	at java.lang.ClassLoader.loadClass(Unknown Source)
	... 26 more
... Removed 24 stack frames</pre></div><a href='#' onClick='toggleBox("stack-trace1408652377", this, "Click to show all stack frames", "Click to hide stack frames")'>Click to show all stack frames</a>
<div class='stack-trace' id='stack-trace1408652377'><pre>java.lang.NoClassDefFoundError: org/openqa/selenium/WebDriver
	at com.test.TestCase.LoginLogout.BaseTestCase.init(BaseTestCase.java:14)
	at com.test.TestCase.StatisticsReport.TC_StoreStatus.start(TC_StoreStatus.java:20)
	at sun.reflect.NativeMethodAccessorImpl.invoke0(Native Method)
	at sun.reflect.NativeMethodAccessorImpl.invoke(Unknown Source)
	at sun.reflect.DelegatingMethodAccessorImpl.invoke(Unknown Source)
	at java.lang.reflect.Method.invoke(Unknown Source)
	at org.testng.internal.MethodInvocationHelper.invokeMethod(MethodInvocationHelper.java:85)
	at org.testng.internal.Invoker.invokeConfigurationMethod(Invoker.java:510)
	at org.testng.internal.Invoker.invokeConfigurations(Invoker.java:211)
	at org.testng.internal.Invoker.invokeConfigurations(Invoker.java:138)
	at org.testng.internal.TestMethodWorker.invokeBeforeClassMethods(TestMethodWorker.java:170)
	at org.testng.internal.TestMethodWorker.run(TestMethodWorker.java:104)
	at org.testng.TestRunner.privateRun(TestRunner.java:774)
	at org.testng.TestRunner.run(TestRunner.java:624)
	at org.testng.SuiteRunner.runTest(SuiteRunner.java:359)
	at org.testng.SuiteRunner.runSequentially(SuiteRunner.java:354)
	at org.testng.SuiteRunner.privateRun(SuiteRunner.java:312)
	at org.testng.SuiteRunner.run(SuiteRunner.java:261)
	at org.testng.SuiteRunnerWorker.runSuite(SuiteRunnerWorker.java:52)
	at org.testng.SuiteRunnerWorker.run(SuiteRunnerWorker.java:86)
	at org.testng.TestNG.runSuitesSequentially(TestNG.java:1191)
	at org.testng.TestNG.runSuitesLocally(TestNG.java:1116)
	at org.testng.TestNG.run(TestNG.java:1024)
	at org.testng.remote.RemoteTestNG.run(RemoteTestNG.java:112)
	at org.testng.remote.RemoteTestNG.initAndRun(RemoteTestNG.java:205)
	at org.testng.remote.RemoteTestNG.main(RemoteTestNG.java:176)
Caused by: java.lang.ClassNotFoundException: org.openqa.selenium.WebDriver
	at java.net.URLClassLoader.findClass(Unknown Source)
	at java.lang.ClassLoader.loadClass(Unknown Source)
	at sun.misc.Launcher$AppClassLoader.loadClass(Unknown Source)
	at java.lang.ClassLoader.loadClass(Unknown Source)
	... 26 more
</pre></div></td>
<td>0</td>
<td>com.test.TestCase.StatisticsReport.TC_StoreStatus@6debcae2</td></tr>
<tr>
<td title='com.test.TestCase.StatisticsReport.TC_UnfiledStats.start()'><b>start</b><br>Test class: com.test.TestCase.StatisticsReport.TC_UnfiledStats</td>
<td><div><pre>java.lang.NoClassDefFoundError: org/openqa/selenium/WebDriver
	at com.test.TestCase.LoginLogout.BaseTestCase.init(BaseTestCase.java:14)
	at com.test.TestCase.StatisticsReport.TC_UnfiledStats.start(TC_UnfiledStats.java:19)
Caused by: java.lang.ClassNotFoundException: org.openqa.selenium.WebDriver
	at java.net.URLClassLoader.findClass(Unknown Source)
	at java.lang.ClassLoader.loadClass(Unknown Source)
	at sun.misc.Launcher$AppClassLoader.loadClass(Unknown Source)
	at java.lang.ClassLoader.loadClass(Unknown Source)
	... 26 more
... Removed 24 stack frames</pre></div><a href='#' onClick='toggleBox("stack-trace1883919084", this, "Click to show all stack frames", "Click to hide stack frames")'>Click to show all stack frames</a>
<div class='stack-trace' id='stack-trace1883919084'><pre>java.lang.NoClassDefFoundError: org/openqa/selenium/WebDriver
	at com.test.TestCase.LoginLogout.BaseTestCase.init(BaseTestCase.java:14)
	at com.test.TestCase.StatisticsReport.TC_UnfiledStats.start(TC_UnfiledStats.java:19)
	at sun.reflect.NativeMethodAccessorImpl.invoke0(Native Method)
	at sun.reflect.NativeMethodAccessorImpl.invoke(Unknown Source)
	at sun.reflect.DelegatingMethodAccessorImpl.invoke(Unknown Source)
	at java.lang.reflect.Method.invoke(Unknown Source)
	at org.testng.internal.MethodInvocationHelper.invokeMethod(MethodInvocationHelper.java:85)
	at org.testng.internal.Invoker.invokeConfigurationMethod(Invoker.java:510)
	at org.testng.internal.Invoker.invokeConfigurations(Invoker.java:211)
	at org.testng.internal.Invoker.invokeConfigurations(Invoker.java:138)
	at org.testng.internal.TestMethodWorker.invokeBeforeClassMethods(TestMethodWorker.java:170)
	at org.testng.internal.TestMethodWorker.run(TestMethodWorker.java:104)
	at org.testng.TestRunner.privateRun(TestRunner.java:774)
	at org.testng.TestRunner.run(TestRunner.java:624)
	at org.testng.SuiteRunner.runTest(SuiteRunner.java:359)
	at org.testng.SuiteRunner.runSequentially(SuiteRunner.java:354)
	at org.testng.SuiteRunner.privateRun(SuiteRunner.java:312)
	at org.testng.SuiteRunner.run(SuiteRunner.java:261)
	at org.testng.SuiteRunnerWorker.runSuite(SuiteRunnerWorker.java:52)
	at org.testng.SuiteRunnerWorker.run(SuiteRunnerWorker.java:86)
	at org.testng.TestNG.runSuitesSequentially(TestNG.java:1191)
	at org.testng.TestNG.runSuitesLocally(TestNG.java:1116)
	at org.testng.TestNG.run(TestNG.java:1024)
	at org.testng.remote.RemoteTestNG.run(RemoteTestNG.java:112)
	at org.testng.remote.RemoteTestNG.initAndRun(RemoteTestNG.java:205)
	at org.testng.remote.RemoteTestNG.main(RemoteTestNG.java:176)
Caused by: java.lang.ClassNotFoundException: org.openqa.selenium.WebDriver
	at java.net.URLClassLoader.findClass(Unknown Source)
	at java.lang.ClassLoader.loadClass(Unknown Source)
	at sun.misc.Launcher$AppClassLoader.loadClass(Unknown Source)
	at java.lang.ClassLoader.loadClass(Unknown Source)
	... 26 more
</pre></div></td>
<td>0</td>
<td>com.test.TestCase.StatisticsReport.TC_UnfiledStats@5ba23b66</td></tr>
<tr>
<td title='com.test.TestCase.StatisticsReport.TC_VisitTimes.start()'><b>start</b><br>Test class: com.test.TestCase.StatisticsReport.TC_VisitTimes</td>
<td><div><pre>java.lang.NoClassDefFoundError: org/openqa/selenium/WebDriver
	at com.test.TestCase.LoginLogout.BaseTestCase.init(BaseTestCase.java:14)
	at com.test.TestCase.StatisticsReport.TC_VisitTimes.start(TC_VisitTimes.java:19)
Caused by: java.lang.ClassNotFoundException: org.openqa.selenium.WebDriver
	at java.net.URLClassLoader.findClass(Unknown Source)
	at java.lang.ClassLoader.loadClass(Unknown Source)
	at sun.misc.Launcher$AppClassLoader.loadClass(Unknown Source)
	at java.lang.ClassLoader.loadClass(Unknown Source)
	... 26 more
... Removed 24 stack frames</pre></div><a href='#' onClick='toggleBox("stack-trace2054574951", this, "Click to show all stack frames", "Click to hide stack frames")'>Click to show all stack frames</a>
<div class='stack-trace' id='stack-trace2054574951'><pre>java.lang.NoClassDefFoundError: org/openqa/selenium/WebDriver
	at com.test.TestCase.LoginLogout.BaseTestCase.init(BaseTestCase.java:14)
	at com.test.TestCase.StatisticsReport.TC_VisitTimes.start(TC_VisitTimes.java:19)
	at sun.reflect.NativeMethodAccessorImpl.invoke0(Native Method)
	at sun.reflect.NativeMethodAccessorImpl.invoke(Unknown Source)
	at sun.reflect.DelegatingMethodAccessorImpl.invoke(Unknown Source)
	at java.lang.reflect.Method.invoke(Unknown Source)
	at org.testng.internal.MethodInvocationHelper.invokeMethod(MethodInvocationHelper.java:85)
	at org.testng.internal.Invoker.invokeConfigurationMethod(Invoker.java:510)
	at org.testng.internal.Invoker.invokeConfigurations(Invoker.java:211)
	at org.testng.internal.Invoker.invokeConfigurations(Invoker.java:138)
	at org.testng.internal.TestMethodWorker.invokeBeforeClassMethods(TestMethodWorker.java:170)
	at org.testng.internal.TestMethodWorker.run(TestMethodWorker.java:104)
	at org.testng.TestRunner.privateRun(TestRunner.java:774)
	at org.testng.TestRunner.run(TestRunner.java:624)
	at org.testng.SuiteRunner.runTest(SuiteRunner.java:359)
	at org.testng.SuiteRunner.runSequentially(SuiteRunner.java:354)
	at org.testng.SuiteRunner.privateRun(SuiteRunner.java:312)
	at org.testng.SuiteRunner.run(SuiteRunner.java:261)
	at org.testng.SuiteRunnerWorker.runSuite(SuiteRunnerWorker.java:52)
	at org.testng.SuiteRunnerWorker.run(SuiteRunnerWorker.java:86)
	at org.testng.TestNG.runSuitesSequentially(TestNG.java:1191)
	at org.testng.TestNG.runSuitesLocally(TestNG.java:1116)
	at org.testng.TestNG.run(TestNG.java:1024)
	at org.testng.remote.RemoteTestNG.run(RemoteTestNG.java:112)
	at org.testng.remote.RemoteTestNG.initAndRun(RemoteTestNG.java:205)
	at org.testng.remote.RemoteTestNG.main(RemoteTestNG.java:176)
Caused by: java.lang.ClassNotFoundException: org.openqa.selenium.WebDriver
	at java.net.URLClassLoader.findClass(Unknown Source)
	at java.lang.ClassLoader.loadClass(Unknown Source)
	at sun.misc.Launcher$AppClassLoader.loadClass(Unknown Source)
	at java.lang.ClassLoader.loadClass(Unknown Source)
	... 26 more
</pre></div></td>
<td>0</td>
<td>com.test.TestCase.StatisticsReport.TC_VisitTimes@2ff4f00f</td></tr>
</table><p>
<table width='100%' border='1' class='invocation-skipped'>
<tr><td colspan='4' align='center'><b>SKIPPED CONFIGURATIONS</b></td></tr>
<tr><td><b>Test method</b></td>
<td width="30%"><b>Exception</b></td>
<td width="10%"><b>Time (seconds)</b></td>
<td><b>Instance</b></td>
</tr>
<tr>
<td title='com.test.TestCase.StatisticsReport.TC_AppUsageStats.end()'><b>end</b><br>Test class: com.test.TestCase.StatisticsReport.TC_AppUsageStats</td>
<td></td>
<td>0</td>
<td>com.test.TestCase.StatisticsReport.TC_AppUsageStats@71c7db30</td></tr>
<tr>
<td title='com.test.TestCase.StatisticsReport.TC_BrandProjects.end()'><b>end</b><br>Test class: com.test.TestCase.StatisticsReport.TC_BrandProjects</td>
<td></td>
<td>0</td>
<td>com.test.TestCase.StatisticsReport.TC_BrandProjects@19bb089b</td></tr>
<tr>
<td title='com.test.TestCase.StatisticsReport.TC_DevBrandProjects.end()'><b>end</b><br>Test class: com.test.TestCase.StatisticsReport.TC_DevBrandProjects</td>
<td></td>
<td>0</td>
<td>com.test.TestCase.StatisticsReport.TC_DevBrandProjects@4563e9ab</td></tr>
<tr>
<td title='com.test.TestCase.StatisticsReport.TC_DevProjects.end()'><b>end</b><br>Test class: com.test.TestCase.StatisticsReport.TC_DevProjects</td>
<td></td>
<td>0</td>
<td>com.test.TestCase.StatisticsReport.TC_DevProjects@11531931</td></tr>
<tr>
<td title='com.test.TestCase.StatisticsReport.TC_DevRevenue.end()'><b>end</b><br>Test class: com.test.TestCase.StatisticsReport.TC_DevRevenue</td>
<td></td>
<td>0</td>
<td>com.test.TestCase.StatisticsReport.TC_DevRevenue@5e025e70</td></tr>
<tr>
<td title='com.test.TestCase.StatisticsReport.TC_DevSigned.end()'><b>end</b><br>Test class: com.test.TestCase.StatisticsReport.TC_DevSigned</td>
<td></td>
<td>0</td>
<td>com.test.TestCase.StatisticsReport.TC_DevSigned@1fbc7afb</td></tr>
<tr>
<td title='com.test.TestCase.StatisticsReport.TC_MonthlyFee.end()'><b>end</b><br>Test class: com.test.TestCase.StatisticsReport.TC_MonthlyFee</td>
<td></td>
<td>0</td>
<td>com.test.TestCase.StatisticsReport.TC_MonthlyFee@45c8e616</td></tr>
<tr>
<td title='com.test.TestCase.StatisticsReport.TC_NumberOfStores.end()'><b>end</b><br>Test class: com.test.TestCase.StatisticsReport.TC_NumberOfStores</td>
<td></td>
<td>0</td>
<td>com.test.TestCase.StatisticsReport.TC_NumberOfStores@4cdbe50f</td></tr>
<tr>
<td title='com.test.TestCase.StatisticsReport.TC_ReceivableJoinFee.end()'><b>end</b><br>Test class: com.test.TestCase.StatisticsReport.TC_ReceivableJoinFee</td>
<td></td>
<td>0</td>
<td>com.test.TestCase.StatisticsReport.TC_ReceivableJoinFee@66d33a</td></tr>
<tr>
<td title='com.test.TestCase.StatisticsReport.TC_ReceivablesProgress.end()'><b>end</b><br>Test class: com.test.TestCase.StatisticsReport.TC_ReceivablesProgress</td>
<td></td>
<td>0</td>
<td>com.test.TestCase.StatisticsReport.TC_ReceivablesProgress@7cf10a6f</td></tr>
<tr>
<td title='com.test.TestCase.StatisticsReport.TC_RevenueJoinFee.end()'><b>end</b><br>Test class: com.test.TestCase.StatisticsReport.TC_RevenueJoinFee</td>
<td></td>
<td>0</td>
<td>com.test.TestCase.StatisticsReport.TC_RevenueJoinFee@7e0babb1</td></tr>
<tr>
<td title='com.test.TestCase.StatisticsReport.TC_StoreStatus.end()'><b>end</b><br>Test class: com.test.TestCase.StatisticsReport.TC_StoreStatus</td>
<td></td>
<td>0</td>
<td>com.test.TestCase.StatisticsReport.TC_StoreStatus@6debcae2</td></tr>
<tr>
<td title='com.test.TestCase.StatisticsReport.TC_UnfiledStats.end()'><b>end</b><br>Test class: com.test.TestCase.StatisticsReport.TC_UnfiledStats</td>
<td></td>
<td>0</td>
<td>com.test.TestCase.StatisticsReport.TC_UnfiledStats@5ba23b66</td></tr>
<tr>
<td title='com.test.TestCase.StatisticsReport.TC_VisitTimes.end()'><b>end</b><br>Test class: com.test.TestCase.StatisticsReport.TC_VisitTimes</td>
<td></td>
<td>0</td>
<td>com.test.TestCase.StatisticsReport.TC_VisitTimes@2ff4f00f</td></tr>
</table><p>
<table width='100%' border='1' class='invocation-skipped'>
<tr><td colspan='4' align='center'><b>SKIPPED TESTS</b></td></tr>
<tr><td><b>Test method</b></td>
<td width="30%"><b>Exception</b></td>
<td width="10%"><b>Time (seconds)</b></td>
<td><b>Instance</b></td>
</tr>
<tr>
<td title='com.test.TestCase.StatisticsReport.TC_ReceivableJoinFee.AccountingReceivable()'><b>AccountingReceivable</b><br>Test class: com.test.TestCase.StatisticsReport.TC_ReceivableJoinFee</td>
<td></td>
<td>0</td>
<td>com.test.TestCase.StatisticsReport.TC_ReceivableJoinFee@66d33a</td></tr>
<tr>
<td title='com.test.TestCase.StatisticsReport.TC_RevenueJoinFee.RevenueJoinFee()'><b>RevenueJoinFee</b><br>Test class: com.test.TestCase.StatisticsReport.TC_RevenueJoinFee</td>
<td></td>
<td>0</td>
<td>com.test.TestCase.StatisticsReport.TC_RevenueJoinFee@7e0babb1</td></tr>
<tr>
<td title='com.test.TestCase.StatisticsReport.TC_AppUsageStats.appUsageStats()'><b>appUsageStats</b><br>Test class: com.test.TestCase.StatisticsReport.TC_AppUsageStats</td>
<td></td>
<td>0</td>
<td>com.test.TestCase.StatisticsReport.TC_AppUsageStats@71c7db30</td></tr>
<tr>
<td title='com.test.TestCase.StatisticsReport.TC_DevBrandProjects.devBrandProjects()'><b>devBrandProjects</b><br>Test class: com.test.TestCase.StatisticsReport.TC_DevBrandProjects</td>
<td></td>
<td>0</td>
<td>com.test.TestCase.StatisticsReport.TC_DevBrandProjects@4563e9ab</td></tr>
<tr>
<td title='com.test.TestCase.StatisticsReport.TC_DevProjects.devProjects()'><b>devProjects</b><br>Test class: com.test.TestCase.StatisticsReport.TC_DevProjects</td>
<td></td>
<td>0</td>
<td>com.test.TestCase.StatisticsReport.TC_DevProjects@11531931</td></tr>
<tr>
<td title='com.test.TestCase.StatisticsReport.TC_DevRevenue.devRevenue()'><b>devRevenue</b><br>Test class: com.test.TestCase.StatisticsReport.TC_DevRevenue</td>
<td></td>
<td>0</td>
<td>com.test.TestCase.StatisticsReport.TC_DevRevenue@5e025e70</td></tr>
<tr>
<td title='com.test.TestCase.StatisticsReport.TC_DevSigned.devSigned()'><b>devSigned</b><br>Test class: com.test.TestCase.StatisticsReport.TC_DevSigned</td>
<td></td>
<td>0</td>
<td>com.test.TestCase.StatisticsReport.TC_DevSigned@1fbc7afb</td></tr>
<tr>
<td title='com.test.TestCase.StatisticsReport.TC_BrandProjects.drandProjects()'><b>drandProjects</b><br>Test class: com.test.TestCase.StatisticsReport.TC_BrandProjects</td>
<td></td>
<td>0</td>
<td>com.test.TestCase.StatisticsReport.TC_BrandProjects@19bb089b</td></tr>
<tr>
<td title='com.test.TestCase.StatisticsReport.TC_MonthlyFee.monthlyFee()'><b>monthlyFee</b><br>Test class: com.test.TestCase.StatisticsReport.TC_MonthlyFee</td>
<td></td>
<td>0</td>
<td>com.test.TestCase.StatisticsReport.TC_MonthlyFee@45c8e616</td></tr>
<tr>
<td title='com.test.TestCase.StatisticsReport.TC_NumberOfStores.numberOfStores()'><b>numberOfStores</b><br>Test class: com.test.TestCase.StatisticsReport.TC_NumberOfStores</td>
<td></td>
<td>0</td>
<td>com.test.TestCase.StatisticsReport.TC_NumberOfStores@4cdbe50f</td></tr>
<tr>
<td title='com.test.TestCase.StatisticsReport.TC_ReceivablesProgress.receivablesProgress()'><b>receivablesProgress</b><br>Test class: com.test.TestCase.StatisticsReport.TC_ReceivablesProgress</td>
<td></td>
<td>0</td>
<td>com.test.TestCase.StatisticsReport.TC_ReceivablesProgress@7cf10a6f</td></tr>
<tr>
<td title='com.test.TestCase.StatisticsReport.TC_StoreStatus.storeStatus()'><b>storeStatus</b><br>Test class: com.test.TestCase.StatisticsReport.TC_StoreStatus</td>
<td></td>
<td>0</td>
<td>com.test.TestCase.StatisticsReport.TC_StoreStatus@6debcae2</td></tr>
<tr>
<td title='com.test.TestCase.StatisticsReport.TC_UnfiledStats.unfiledStats()'><b>unfiledStats</b><br>Test class: com.test.TestCase.StatisticsReport.TC_UnfiledStats</td>
<td></td>
<td>0</td>
<td>com.test.TestCase.StatisticsReport.TC_UnfiledStats@5ba23b66</td></tr>
<tr>
<td title='com.test.TestCase.StatisticsReport.TC_VisitTimes.visitTimes()'><b>visitTimes</b><br>Test class: com.test.TestCase.StatisticsReport.TC_VisitTimes</td>
<td></td>
<td>0</td>
<td>com.test.TestCase.StatisticsReport.TC_VisitTimes@2ff4f00f</td></tr>
</table><p>
</body>
</html>